mode: set
github.com/tupyy/tinyedge-controller/internal/repo/git/manifest.go:26.13,28.2 1 1
github.com/tupyy/tinyedge-controller/internal/repo/git/manifest.go:30.130,32.16 2 1
github.com/tupyy/tinyedge-controller/internal/repo/git/manifest.go:35.2,37.29 2 1
github.com/tupyy/tinyedge-controller/internal/repo/git/manifest.go:48.2,48.23 1 1
github.com/tupyy/tinyedge-controller/internal/repo/git/manifest.go:32.16,34.3 1 0
github.com/tupyy/tinyedge-controller/internal/repo/git/manifest.go:37.29,39.17 2 1
github.com/tupyy/tinyedge-controller/internal/repo/git/manifest.go:43.3,43.25 1 1
github.com/tupyy/tinyedge-controller/internal/repo/git/manifest.go:39.17,41.12 2 0
github.com/tupyy/tinyedge-controller/internal/repo/git/manifest.go:43.25,45.4 1 1
github.com/tupyy/tinyedge-controller/internal/repo/git/manifest.go:51.105,53.16 2 1
github.com/tupyy/tinyedge-controller/internal/repo/git/manifest.go:57.2,57.78 1 1
github.com/tupyy/tinyedge-controller/internal/repo/git/manifest.go:53.16,55.3 1 0
github.com/tupyy/tinyedge-controller/internal/repo/git/manifest.go:57.78,58.49 1 1
github.com/tupyy/tinyedge-controller/internal/repo/git/manifest.go:65.3,65.54 1 0
github.com/tupyy/tinyedge-controller/internal/repo/git/manifest.go:72.3,72.11 1 0
github.com/tupyy/tinyedge-controller/internal/repo/git/manifest.go:58.49,64.4 5 1
github.com/tupyy/tinyedge-controller/internal/repo/git/manifest.go:65.54,71.4 5 0
github.com/tupyy/tinyedge-controller/internal/repo/git/manifest.go:76.134,78.16 2 1
github.com/tupyy/tinyedge-controller/internal/repo/git/manifest.go:82.2,82.67 1 1
github.com/tupyy/tinyedge-controller/internal/repo/git/manifest.go:78.16,80.3 1 0
github.com/tupyy/tinyedge-controller/internal/repo/git/manifest.go:86.108,87.137 1 1
github.com/tupyy/tinyedge-controller/internal/repo/git/manifest.go:111.2,121.11 9 1
github.com/tupyy/tinyedge-controller/internal/repo/git/manifest.go:132.2,132.27 1 1
github.com/tupyy/tinyedge-controller/internal/repo/git/manifest.go:87.137,88.83 1 1
github.com/tupyy/tinyedge-controller/internal/repo/git/manifest.go:105.3,105.17 1 1
github.com/tupyy/tinyedge-controller/internal/repo/git/manifest.go:108.3,108.23 1 1
github.com/tupyy/tinyedge-controller/internal/repo/git/manifest.go:88.83,89.18 1 1
github.com/tupyy/tinyedge-controller/internal/repo/git/manifest.go:92.4,92.45 1 1
github.com/tupyy/tinyedge-controller/internal/repo/git/manifest.go:95.4,95.57 1 1
github.com/tupyy/tinyedge-controller/internal/repo/git/manifest.go:98.4,98.11 1 1
github.com/tupyy/tinyedge-controller/internal/repo/git/manifest.go:103.4,103.14 1 1
github.com/tupyy/tinyedge-controller/internal/repo/git/manifest.go:89.18,91.5 1 0
github.com/tupyy/tinyedge-controller/internal/repo/git/manifest.go:92.45,94.5 1 1
github.com/tupyy/tinyedge-controller/internal/repo/git/manifest.go:95.57,97.5 1 1
github.com/tupyy/tinyedge-controller/internal/repo/git/manifest.go:99.22,100.21 1 0
github.com/tupyy/tinyedge-controller/internal/repo/git/manifest.go:101.12,101.12 0 1
github.com/tupyy/tinyedge-controller/internal/repo/git/manifest.go:105.17,107.4 1 0
github.com/tupyy/tinyedge-controller/internal/repo/git/manifest.go:121.11,122.10 1 1
github.com/tupyy/tinyedge-controller/internal/repo/git/manifest.go:123.37,124.59 1 1
github.com/tupyy/tinyedge-controller/internal/repo/git/manifest.go:125.23,126.81 1 0
github.com/tupyy/tinyedge-controller/internal/repo/git/manifest.go:127.17,128.16 1 1
github.com/tupyy/tinyedge-controller/internal/repo/git/manifest.go:135.44,138.23 3 1
github.com/tupyy/tinyedge-controller/internal/repo/git/manifest.go:141.2,141.41 1 1
github.com/tupyy/tinyedge-controller/internal/repo/git/manifest.go:138.23,140.3 1 0
github.com/tupyy/tinyedge-controller/internal/repo/git/repo.go:24.40,26.2 1 1
github.com/tupyy/tinyedge-controller/internal/repo/git/repo.go:30.93,32.16 2 0
github.com/tupyy/tinyedge-controller/internal/repo/git/repo.go:39.2,41.15 2 0
github.com/tupyy/tinyedge-controller/internal/repo/git/repo.go:32.16,33.49 1 0
github.com/tupyy/tinyedge-controller/internal/repo/git/repo.go:36.3,36.34 1 0
github.com/tupyy/tinyedge-controller/internal/repo/git/repo.go:33.49,35.4 1 0
github.com/tupyy/tinyedge-controller/internal/repo/git/repo.go:45.72,47.16 2 1
github.com/tupyy/tinyedge-controller/internal/repo/git/repo.go:50.2,51.16 2 1
github.com/tupyy/tinyedge-controller/internal/repo/git/repo.go:55.2,61.47 2 1
github.com/tupyy/tinyedge-controller/internal/repo/git/repo.go:69.2,70.16 2 1
github.com/tupyy/tinyedge-controller/internal/repo/git/repo.go:76.2,76.12 1 1
github.com/tupyy/tinyedge-controller/internal/repo/git/repo.go:47.16,49.3 1 0
github.com/tupyy/tinyedge-controller/internal/repo/git/repo.go:51.16,53.3 1 0
github.com/tupyy/tinyedge-controller/internal/repo/git/repo.go:61.47,63.17 2 0
github.com/tupyy/tinyedge-controller/internal/repo/git/repo.go:66.3,66.32 1 0
github.com/tupyy/tinyedge-controller/internal/repo/git/repo.go:63.17,65.4 1 0
github.com/tupyy/tinyedge-controller/internal/repo/git/repo.go:70.16,71.47 1 0
github.com/tupyy/tinyedge-controller/internal/repo/git/repo.go:74.3,74.77 1 0
github.com/tupyy/tinyedge-controller/internal/repo/git/repo.go:71.47,73.4 1 0
github.com/tupyy/tinyedge-controller/internal/repo/git/repo.go:81.88,83.16 2 1
github.com/tupyy/tinyedge-controller/internal/repo/git/repo.go:86.2,87.16 2 1
github.com/tupyy/tinyedge-controller/internal/repo/git/repo.go:90.2,93.16 2 1
github.com/tupyy/tinyedge-controller/internal/repo/git/repo.go:96.2,97.16 2 1
github.com/tupyy/tinyedge-controller/internal/repo/git/repo.go:100.2,100.33 1 1
github.com/tupyy/tinyedge-controller/internal/repo/git/repo.go:83.16,85.3 1 0
github.com/tupyy/tinyedge-controller/internal/repo/git/repo.go:87.16,89.3 1 0
github.com/tupyy/tinyedge-controller/internal/repo/git/repo.go:93.16,95.3 1 0
github.com/tupyy/tinyedge-controller/internal/repo/git/repo.go:97.16,99.3 1 0
github.com/tupyy/tinyedge-controller/internal/repo/git/repo.go:104.118,106.2 1 0
github.com/tupyy/tinyedge-controller/internal/repo/git/repo.go:109.143,111.2 1 1
github.com/tupyy/tinyedge-controller/internal/repo/git/repo.go:113.97,120.50 3 1
github.com/tupyy/tinyedge-controller/internal/repo/git/repo.go:128.2,129.16 2 1
github.com/tupyy/tinyedge-controller/internal/repo/git/repo.go:140.2,141.16 2 1
github.com/tupyy/tinyedge-controller/internal/repo/git/repo.go:144.2,148.16 4 1
github.com/tupyy/tinyedge-controller/internal/repo/git/repo.go:151.2,153.18 3 1
github.com/tupyy/tinyedge-controller/internal/repo/git/repo.go:120.50,122.17 2 0
github.com/tupyy/tinyedge-controller/internal/repo/git/repo.go:125.3,125.33 1 0
github.com/tupyy/tinyedge-controller/internal/repo/git/repo.go:122.17,124.4 1 0
github.com/tupyy/tinyedge-controller/internal/repo/git/repo.go:129.16,130.54 1 0
github.com/tupyy/tinyedge-controller/internal/repo/git/repo.go:133.3,134.17 2 0
github.com/tupyy/tinyedge-controller/internal/repo/git/repo.go:137.3,137.12 1 0
github.com/tupyy/tinyedge-controller/internal/repo/git/repo.go:130.54,132.4 1 0
github.com/tupyy/tinyedge-controller/internal/repo/git/repo.go:134.17,136.4 1 0
github.com/tupyy/tinyedge-controller/internal/repo/git/repo.go:141.16,143.3 1 0
github.com/tupyy/tinyedge-controller/internal/repo/git/repo.go:148.16,150.3 1 0
github.com/tupyy/tinyedge-controller/internal/repo/git/repo.go:157.101,159.16 2 1
github.com/tupyy/tinyedge-controller/internal/repo/git/repo.go:163.2,163.18 1 1
github.com/tupyy/tinyedge-controller/internal/repo/git/repo.go:159.16,162.3 2 0
github.com/tupyy/tinyedge-controller/internal/repo/git/repo.go:166.68,169.16 2 1
github.com/tupyy/tinyedge-controller/internal/repo/git/repo.go:173.2,176.16 2 1
github.com/tupyy/tinyedge-controller/internal/repo/git/repo.go:179.2,180.16 2 1
github.com/tupyy/tinyedge-controller/internal/repo/git/repo.go:183.2,183.73 1 0
github.com/tupyy/tinyedge-controller/internal/repo/git/repo.go:169.16,171.3 1 0
github.com/tupyy/tinyedge-controller/internal/repo/git/repo.go:176.16,178.3 1 0
github.com/tupyy/tinyedge-controller/internal/repo/git/repo.go:180.16,182.3 1 1
github.com/tupyy/tinyedge-controller/internal/repo/git/repo.go:186.131,188.16 2 0
github.com/tupyy/tinyedge-controller/internal/repo/git/repo.go:192.2,192.32 1 0
github.com/tupyy/tinyedge-controller/internal/repo/git/repo.go:204.2,204.47 1 0
github.com/tupyy/tinyedge-controller/internal/repo/git/repo.go:188.16,190.3 1 0
github.com/tupyy/tinyedge-controller/internal/repo/git/repo.go:193.32,195.17 2 0
github.com/tupyy/tinyedge-controller/internal/repo/git/repo.go:198.3,198.25 1 0
github.com/tupyy/tinyedge-controller/internal/repo/git/repo.go:199.34,200.46 1 0
github.com/tupyy/tinyedge-controller/internal/repo/git/repo.go:201.34,202.74 1 0
github.com/tupyy/tinyedge-controller/internal/repo/git/repo.go:195.17,197.4 1 0
github.com/tupyy/tinyedge-controller/internal/repo/git/configuration_reader.go:5.106,7.2 1 0
github.com/tupyy/tinyedge-controller/internal/repo/manifest/reader.go:17.111,19.16 2 0
github.com/tupyy/tinyedge-controller/internal/repo/manifest/reader.go:23.2,24.16 2 0
github.com/tupyy/tinyedge-controller/internal/repo/manifest/reader.go:28.2,29.14 2 0
github.com/tupyy/tinyedge-controller/internal/repo/manifest/reader.go:36.2,36.16 1 0
github.com/tupyy/tinyedge-controller/internal/repo/manifest/reader.go:40.2,40.33 1 0
github.com/tupyy/tinyedge-controller/internal/repo/manifest/reader.go:44.2,44.22 1 0
github.com/tupyy/tinyedge-controller/internal/repo/manifest/reader.go:19.16,21.3 1 0
github.com/tupyy/tinyedge-controller/internal/repo/manifest/reader.go:24.16,26.3 1 0
github.com/tupyy/tinyedge-controller/internal/repo/manifest/reader.go:30.35,31.49 1 0
github.com/tupyy/tinyedge-controller/internal/repo/manifest/reader.go:32.40,33.54 1 0
github.com/tupyy/tinyedge-controller/internal/repo/manifest/reader.go:36.16,38.3 1 0
github.com/tupyy/tinyedge-controller/internal/repo/manifest/reader.go:40.33,42.3 1 0
github.com/tupyy/tinyedge-controller/internal/repo/manifest/reader.go:47.59,52.54 3 0
github.com/tupyy/tinyedge-controller/internal/repo/manifest/reader.go:55.2,55.33 1 0
github.com/tupyy/tinyedge-controller/internal/repo/manifest/reader.go:61.2,61.50 1 0
github.com/tupyy/tinyedge-controller/internal/repo/manifest/reader.go:52.54,54.3 1 0
github.com/tupyy/tinyedge-controller/internal/repo/manifest/reader.go:56.18,57.42 1 0
github.com/tupyy/tinyedge-controller/internal/repo/manifest/reader.go:58.23,59.47 1 0
github.com/tupyy/tinyedge-controller/internal/repo/manifest/workload.go:15.69,18.61 2 1
github.com/tupyy/tinyedge-controller/internal/repo/manifest/workload.go:22.2,36.24 2 1
github.com/tupyy/tinyedge-controller/internal/repo/manifest/workload.go:64.2,64.37 1 1
github.com/tupyy/tinyedge-controller/internal/repo/manifest/workload.go:72.2,72.46 1 1
github.com/tupyy/tinyedge-controller/internal/repo/manifest/workload.go:76.2,76.15 1 1
github.com/tupyy/tinyedge-controller/internal/repo/manifest/workload.go:18.61,20.3 1 0
github.com/tupyy/tinyedge-controller/internal/repo/manifest/workload.go:36.24,38.44 2 1
github.com/tupyy/tinyedge-controller/internal/repo/manifest/workload.go:45.3,45.38 1 1
github.com/tupyy/tinyedge-controller/internal/repo/manifest/workload.go:52.3,52.41 1 1
github.com/tupyy/tinyedge-controller/internal/repo/manifest/workload.go:59.3,59.17 1 1
github.com/tupyy/tinyedge-controller/internal/repo/manifest/workload.go:38.44,44.4 2 1
github.com/tupyy/tinyedge-controller/internal/repo/manifest/workload.go:45.38,51.4 2 1
github.com/tupyy/tinyedge-controller/internal/repo/manifest/workload.go:52.41,58.4 2 1
github.com/tupyy/tinyedge-controller/internal/repo/manifest/workload.go:59.17,60.9 1 1
github.com/tupyy/tinyedge-controller/internal/repo/manifest/workload.go:64.37,70.3 1 1
github.com/tupyy/tinyedge-controller/internal/repo/manifest/workload.go:72.46,74.3 1 1
github.com/tupyy/tinyedge-controller/internal/repo/manifest/workload.go:79.74,82.66 2 0
github.com/tupyy/tinyedge-controller/internal/repo/manifest/workload.go:86.2,96.15 2 0
github.com/tupyy/tinyedge-controller/internal/repo/manifest/workload.go:82.66,84.3 1 0
github.com/tupyy/tinyedge-controller/internal/repo/manifest/workload.go:99.31,104.2 4 0
github.com/tupyy/tinyedge-controller/internal/repo/postgres/device.go:27.65,34.16 3 1
github.com/tupyy/tinyedge-controller/internal/repo/postgres/device.go:38.2,38.92 1 1
github.com/tupyy/tinyedge-controller/internal/repo/postgres/device.go:34.16,36.3 1 0
github.com/tupyy/tinyedge-controller/internal/repo/postgres/device.go:41.87,42.37 1 1
github.com/tupyy/tinyedge-controller/internal/repo/postgres/device.go:45.2,48.42 3 1
github.com/tupyy/tinyedge-controller/internal/repo/postgres/device.go:55.2,55.17 1 1
github.com/tupyy/tinyedge-controller/internal/repo/postgres/device.go:59.2,59.52 1 1
github.com/tupyy/tinyedge-controller/internal/repo/postgres/device.go:42.37,44.3 1 0
github.com/tupyy/tinyedge-controller/internal/repo/postgres/device.go:48.42,49.31 1 0
github.com/tupyy/tinyedge-controller/internal/repo/postgres/device.go:52.3,52.30 1 0
github.com/tupyy/tinyedge-controller/internal/repo/postgres/device.go:49.31,51.4 1 0
github.com/tupyy/tinyedge-controller/internal/repo/postgres/device.go:55.17,57.3 1 0
github.com/tupyy/tinyedge-controller/internal/repo/postgres/device.go:62.79,63.37 1 1
github.com/tupyy/tinyedge-controller/internal/repo/postgres/device.go:67.2,69.65 2 1
github.com/tupyy/tinyedge-controller/internal/repo/postgres/device.go:76.2,76.17 1 1
github.com/tupyy/tinyedge-controller/internal/repo/postgres/device.go:80.2,80.53 1 1
github.com/tupyy/tinyedge-controller/internal/repo/postgres/device.go:63.37,65.3 1 0
github.com/tupyy/tinyedge-controller/internal/repo/postgres/device.go:69.65,70.31 1 0
github.com/tupyy/tinyedge-controller/internal/repo/postgres/device.go:73.3,73.32 1 0
github.com/tupyy/tinyedge-controller/internal/repo/postgres/device.go:70.31,72.4 1 0
github.com/tupyy/tinyedge-controller/internal/repo/postgres/device.go:76.17,78.3 1 0
github.com/tupyy/tinyedge-controller/internal/repo/postgres/device.go:83.84,84.37 1 1
github.com/tupyy/tinyedge-controller/internal/repo/postgres/device.go:88.2,89.64 2 1
github.com/tupyy/tinyedge-controller/internal/repo/postgres/device.go:93.2,93.12 1 1
github.com/tupyy/tinyedge-controller/internal/repo/postgres/device.go:84.37,86.3 1 0
github.com/tupyy/tinyedge-controller/internal/repo/postgres/device.go:89.64,91.3 1 0
github.com/tupyy/tinyedge-controller/internal/repo/postgres/device.go:96.73,97.37 1 1
github.com/tupyy/tinyedge-controller/internal/repo/postgres/device.go:100.2,100.72 1 1
github.com/tupyy/tinyedge-controller/internal/repo/postgres/device.go:97.37,99.3 1 0
github.com/tupyy/tinyedge-controller/internal/repo/postgres/device.go:103.84,104.37 1 1
github.com/tupyy/tinyedge-controller/internal/repo/postgres/device.go:108.2,109.16 2 1
github.com/tupyy/tinyedge-controller/internal/repo/postgres/device.go:113.2,114.56 2 1
github.com/tupyy/tinyedge-controller/internal/repo/postgres/device.go:121.2,121.12 1 1
github.com/tupyy/tinyedge-controller/internal/repo/postgres/device.go:104.37,106.3 1 0
github.com/tupyy/tinyedge-controller/internal/repo/postgres/device.go:109.16,111.3 1 0
github.com/tupyy/tinyedge-controller/internal/repo/postgres/device.go:114.56,115.45 1 0
github.com/tupyy/tinyedge-controller/internal/repo/postgres/device.go:118.3,118.13 1 0
github.com/tupyy/tinyedge-controller/internal/repo/postgres/device.go:115.45,117.4 1 0
github.com/tupyy/tinyedge-controller/internal/repo/postgres/device.go:124.81,125.37 1 1
github.com/tupyy/tinyedge-controller/internal/repo/postgres/device.go:129.2,132.42 3 1
github.com/tupyy/tinyedge-controller/internal/repo/postgres/device.go:142.2,142.17 1 1
github.com/tupyy/tinyedge-controller/internal/repo/postgres/device.go:146.2,146.49 1 1
github.com/tupyy/tinyedge-controller/internal/repo/postgres/device.go:125.37,127.3 1 0
github.com/tupyy/tinyedge-controller/internal/repo/postgres/device.go:132.42,133.31 1 0
github.com/tupyy/tinyedge-controller/internal/repo/postgres/device.go:136.3,136.45 1 0
github.com/tupyy/tinyedge-controller/internal/repo/postgres/device.go:139.3,139.27 1 0
github.com/tupyy/tinyedge-controller/internal/repo/postgres/device.go:133.31,135.4 1 0
github.com/tupyy/tinyedge-controller/internal/repo/postgres/device.go:136.45,138.4 1 0
github.com/tupyy/tinyedge-controller/internal/repo/postgres/device.go:142.17,144.3 1 1
github.com/tupyy/tinyedge-controller/internal/repo/postgres/device.go:149.73,150.37 1 1
github.com/tupyy/tinyedge-controller/internal/repo/postgres/device.go:154.2,156.62 2 1
github.com/tupyy/tinyedge-controller/internal/repo/postgres/device.go:163.2,163.17 1 1
github.com/tupyy/tinyedge-controller/internal/repo/postgres/device.go:167.2,167.50 1 1
github.com/tupyy/tinyedge-controller/internal/repo/postgres/device.go:150.37,152.3 1 0
github.com/tupyy/tinyedge-controller/internal/repo/postgres/device.go:156.62,157.31 1 0
github.com/tupyy/tinyedge-controller/internal/repo/postgres/device.go:160.3,160.29 1 0
github.com/tupyy/tinyedge-controller/internal/repo/postgres/device.go:157.31,159.4 1 0
github.com/tupyy/tinyedge-controller/internal/repo/postgres/device.go:163.17,165.3 1 0
github.com/tupyy/tinyedge-controller/internal/repo/postgres/device.go:170.75,172.16 2 1
github.com/tupyy/tinyedge-controller/internal/repo/postgres/device.go:178.2,179.58 2 1
github.com/tupyy/tinyedge-controller/internal/repo/postgres/device.go:183.2,183.12 1 1
github.com/tupyy/tinyedge-controller/internal/repo/postgres/device.go:172.16,174.3 1 0
github.com/tupyy/tinyedge-controller/internal/repo/postgres/device.go:174.8,174.65 1 1
github.com/tupyy/tinyedge-controller/internal/repo/postgres/device.go:174.65,176.3 1 0
github.com/tupyy/tinyedge-controller/internal/repo/postgres/device.go:179.58,181.3 1 1
github.com/tupyy/tinyedge-controller/internal/repo/postgres/device.go:186.70,188.2 1 1
github.com/tupyy/tinyedge-controller/internal/repo/postgres/device.go:190.75,191.37 1 1
github.com/tupyy/tinyedge-controller/internal/repo/postgres/device.go:195.2,196.84 2 1
github.com/tupyy/tinyedge-controller/internal/repo/postgres/device.go:203.2,204.30 2 1
github.com/tupyy/tinyedge-controller/internal/repo/postgres/device.go:210.2,210.40 1 1
github.com/tupyy/tinyedge-controller/internal/repo/postgres/device.go:191.37,193.3 1 0
github.com/tupyy/tinyedge-controller/internal/repo/postgres/device.go:196.84,197.45 1 0
github.com/tupyy/tinyedge-controller/internal/repo/postgres/device.go:200.3,200.13 1 0
github.com/tupyy/tinyedge-controller/internal/repo/postgres/device.go:197.45,199.4 1 0
github.com/tupyy/tinyedge-controller/internal/repo/postgres/device.go:204.30,206.3 1 1
github.com/tupyy/tinyedge-controller/internal/repo/postgres/device.go:206.8,208.3 1 1
github.com/tupyy/tinyedge-controller/internal/repo/postgres/device.go:213.93,214.37 1 1
github.com/tupyy/tinyedge-controller/internal/repo/postgres/device.go:218.2,221.42 3 1
github.com/tupyy/tinyedge-controller/internal/repo/postgres/device.go:228.2,228.17 1 1
github.com/tupyy/tinyedge-controller/internal/repo/postgres/device.go:232.2,232.60 1 1
github.com/tupyy/tinyedge-controller/internal/repo/postgres/device.go:214.37,216.3 1 0
github.com/tupyy/tinyedge-controller/internal/repo/postgres/device.go:221.42,222.31 1 0
github.com/tupyy/tinyedge-controller/internal/repo/postgres/device.go:225.3,225.33 1 0
github.com/tupyy/tinyedge-controller/internal/repo/postgres/device.go:222.31,224.4 1 0
github.com/tupyy/tinyedge-controller/internal/repo/postgres/device.go:228.17,230.3 1 0
github.com/tupyy/tinyedge-controller/internal/repo/postgres/device.go:235.89,236.37 1 1
github.com/tupyy/tinyedge-controller/internal/repo/postgres/device.go:240.2,243.42 3 1
github.com/tupyy/tinyedge-controller/internal/repo/postgres/device.go:250.2,250.17 1 1
github.com/tupyy/tinyedge-controller/internal/repo/postgres/device.go:254.2,254.60 1 1
github.com/tupyy/tinyedge-controller/internal/repo/postgres/device.go:236.37,238.3 1 0
github.com/tupyy/tinyedge-controller/internal/repo/postgres/device.go:243.42,244.31 1 0
github.com/tupyy/tinyedge-controller/internal/repo/postgres/device.go:247.3,247.33 1 0
github.com/tupyy/tinyedge-controller/internal/repo/postgres/device.go:244.31,246.4 1 0
github.com/tupyy/tinyedge-controller/internal/repo/postgres/device.go:250.17,252.3 1 0
github.com/tupyy/tinyedge-controller/internal/repo/postgres/device.go:257.85,258.37 1 1
github.com/tupyy/tinyedge-controller/internal/repo/postgres/device.go:262.2,265.42 3 1
github.com/tupyy/tinyedge-controller/internal/repo/postgres/device.go:272.2,272.17 1 1
github.com/tupyy/tinyedge-controller/internal/repo/postgres/device.go:276.2,276.61 1 1
github.com/tupyy/tinyedge-controller/internal/repo/postgres/device.go:258.37,260.3 1 0
github.com/tupyy/tinyedge-controller/internal/repo/postgres/device.go:265.42,266.31 1 0
github.com/tupyy/tinyedge-controller/internal/repo/postgres/device.go:269.3,269.35 1 0
github.com/tupyy/tinyedge-controller/internal/repo/postgres/device.go:266.31,268.4 1 0
github.com/tupyy/tinyedge-controller/internal/repo/postgres/device.go:272.17,274.3 1 0
github.com/tupyy/tinyedge-controller/internal/repo/postgres/device.go:279.93,280.37 1 1
github.com/tupyy/tinyedge-controller/internal/repo/postgres/device.go:285.2,288.91 3 1
github.com/tupyy/tinyedge-controller/internal/repo/postgres/device.go:305.2,306.58 2 1
github.com/tupyy/tinyedge-controller/internal/repo/postgres/device.go:310.2,310.26 1 1
github.com/tupyy/tinyedge-controller/internal/repo/postgres/device.go:280.37,282.3 1 0
github.com/tupyy/tinyedge-controller/internal/repo/postgres/device.go:288.91,289.45 1 1
github.com/tupyy/tinyedge-controller/internal/repo/postgres/device.go:289.45,293.4 2 1
github.com/tupyy/tinyedge-controller/internal/repo/postgres/device.go:293.9,296.4 2 0
github.com/tupyy/tinyedge-controller/internal/repo/postgres/device.go:297.8,297.32 1 1
github.com/tupyy/tinyedge-controller/internal/repo/postgres/device.go:297.32,299.61 2 1
github.com/tupyy/tinyedge-controller/internal/repo/postgres/device.go:299.61,302.4 2 0
github.com/tupyy/tinyedge-controller/internal/repo/postgres/device.go:306.58,308.3 1 0
github.com/tupyy/tinyedge-controller/internal/repo/postgres/device.go:313.93,314.37 1 1
github.com/tupyy/tinyedge-controller/internal/repo/postgres/device.go:318.2,319.16 2 1
github.com/tupyy/tinyedge-controller/internal/repo/postgres/device.go:323.2,325.45 2 1
github.com/tupyy/tinyedge-controller/internal/repo/postgres/device.go:339.2,339.45 1 1
github.com/tupyy/tinyedge-controller/internal/repo/postgres/device.go:352.2,353.42 2 1
github.com/tupyy/tinyedge-controller/internal/repo/postgres/device.go:360.2,360.26 1 1
github.com/tupyy/tinyedge-controller/internal/repo/postgres/device.go:314.37,316.3 1 0
github.com/tupyy/tinyedge-controller/internal/repo/postgres/device.go:319.16,321.3 1 0
github.com/tupyy/tinyedge-controller/internal/repo/postgres/device.go:325.45,329.17 3 1
github.com/tupyy/tinyedge-controller/internal/repo/postgres/device.go:333.3,333.22 1 1
github.com/tupyy/tinyedge-controller/internal/repo/postgres/device.go:329.17,332.4 2 0
github.com/tupyy/tinyedge-controller/internal/repo/postgres/device.go:333.22,336.4 2 1
github.com/tupyy/tinyedge-controller/internal/repo/postgres/device.go:339.45,341.89 2 1
github.com/tupyy/tinyedge-controller/internal/repo/postgres/device.go:345.3,346.58 2 1
github.com/tupyy/tinyedge-controller/internal/repo/postgres/device.go:341.89,344.4 2 0
github.com/tupyy/tinyedge-controller/internal/repo/postgres/device.go:346.58,349.4 2 0
github.com/tupyy/tinyedge-controller/internal/repo/postgres/device.go:353.42,354.45 1 0
github.com/tupyy/tinyedge-controller/internal/repo/postgres/device.go:357.3,357.13 1 0
github.com/tupyy/tinyedge-controller/internal/repo/postgres/device.go:354.45,356.4 1 0
github.com/tupyy/tinyedge-controller/internal/repo/postgres/device.go:363.76,364.37 1 1
github.com/tupyy/tinyedge-controller/internal/repo/postgres/device.go:368.2,371.63 3 1
github.com/tupyy/tinyedge-controller/internal/repo/postgres/device.go:379.2,379.22 1 1
github.com/tupyy/tinyedge-controller/internal/repo/postgres/device.go:392.2,392.81 1 1
github.com/tupyy/tinyedge-controller/internal/repo/postgres/device.go:397.2,397.26 1 1
github.com/tupyy/tinyedge-controller/internal/repo/postgres/device.go:364.37,366.3 1 0
github.com/tupyy/tinyedge-controller/internal/repo/postgres/device.go:371.63,373.45 2 0
github.com/tupyy/tinyedge-controller/internal/repo/postgres/device.go:376.3,376.73 1 0
github.com/tupyy/tinyedge-controller/internal/repo/postgres/device.go:373.45,375.4 1 0
github.com/tupyy/tinyedge-controller/internal/repo/postgres/device.go:379.22,381.87 2 1
github.com/tupyy/tinyedge-controller/internal/repo/postgres/device.go:385.3,386.55 2 1
github.com/tupyy/tinyedge-controller/internal/repo/postgres/device.go:381.87,384.4 2 1
github.com/tupyy/tinyedge-controller/internal/repo/postgres/device.go:386.55,389.4 2 0
github.com/tupyy/tinyedge-controller/internal/repo/postgres/device.go:392.81,395.3 2 0
github.com/tupyy/tinyedge-controller/internal/repo/postgres/device.go:400.65,402.12 2 0
github.com/tupyy/tinyedge-controller/internal/repo/postgres/device.go:405.2,405.8 1 0
github.com/tupyy/tinyedge-controller/internal/repo/postgres/device.go:402.12,404.3 1 0
github.com/tupyy/tinyedge-controller/internal/repo/postgres/device.go:408.58,410.2 1 1
github.com/tupyy/tinyedge-controller/internal/repo/postgres/manifest.go:25.81,31.16 3 1
github.com/tupyy/tinyedge-controller/internal/repo/postgres/manifest.go:35.2,35.100 1 1
github.com/tupyy/tinyedge-controller/internal/repo/postgres/manifest.go:31.16,33.3 1 0
github.com/tupyy/tinyedge-controller/internal/repo/postgres/manifest.go:38.99,39.37 1 1
github.com/tupyy/tinyedge-controller/internal/repo/postgres/manifest.go:43.2,46.50 3 1
github.com/tupyy/tinyedge-controller/internal/repo/postgres/manifest.go:53.2,53.25 1 1
github.com/tupyy/tinyedge-controller/internal/repo/postgres/manifest.go:57.2,57.62 1 1
github.com/tupyy/tinyedge-controller/internal/repo/postgres/manifest.go:39.37,41.3 1 0
github.com/tupyy/tinyedge-controller/internal/repo/postgres/manifest.go:46.50,47.31 1 0
github.com/tupyy/tinyedge-controller/internal/repo/postgres/manifest.go:50.3,50.18 1 0
github.com/tupyy/tinyedge-controller/internal/repo/postgres/manifest.go:47.31,49.4 1 0
github.com/tupyy/tinyedge-controller/internal/repo/postgres/manifest.go:53.25,55.3 1 0
github.com/tupyy/tinyedge-controller/internal/repo/postgres/manifest.go:60.153,61.37 1 1
github.com/tupyy/tinyedge-controller/internal/repo/postgres/manifest.go:65.2,68.50 3 1
github.com/tupyy/tinyedge-controller/internal/repo/postgres/manifest.go:75.2,75.25 1 1
github.com/tupyy/tinyedge-controller/internal/repo/postgres/manifest.go:79.2,80.16 2 1
github.com/tupyy/tinyedge-controller/internal/repo/postgres/manifest.go:84.2,85.23 2 1
github.com/tupyy/tinyedge-controller/internal/repo/postgres/manifest.go:91.2,91.20 1 1
github.com/tupyy/tinyedge-controller/internal/repo/postgres/manifest.go:61.37,63.3 1 0
github.com/tupyy/tinyedge-controller/internal/repo/postgres/manifest.go:68.50,69.31 1 0
github.com/tupyy/tinyedge-controller/internal/repo/postgres/manifest.go:72.3,72.34 1 0
github.com/tupyy/tinyedge-controller/internal/repo/postgres/manifest.go:69.31,71.4 1 0
github.com/tupyy/tinyedge-controller/internal/repo/postgres/manifest.go:75.25,77.3 1 0
github.com/tupyy/tinyedge-controller/internal/repo/postgres/manifest.go:80.16,82.3 1 0
github.com/tupyy/tinyedge-controller/internal/repo/postgres/manifest.go:85.23,86.17 1 1
github.com/tupyy/tinyedge-controller/internal/repo/postgres/manifest.go:86.17,88.4 1 1
github.com/tupyy/tinyedge-controller/internal/repo/postgres/manifest.go:94.98,95.37 1 1
github.com/tupyy/tinyedge-controller/internal/repo/postgres/manifest.go:99.2,100.16 2 1
github.com/tupyy/tinyedge-controller/internal/repo/postgres/manifest.go:104.2,104.12 1 1
github.com/tupyy/tinyedge-controller/internal/repo/postgres/manifest.go:108.2,110.58 2 1
github.com/tupyy/tinyedge-controller/internal/repo/postgres/manifest.go:116.2,116.12 1 1
github.com/tupyy/tinyedge-controller/internal/repo/postgres/manifest.go:95.37,97.3 1 0
github.com/tupyy/tinyedge-controller/internal/repo/postgres/manifest.go:100.16,102.3 1 0
github.com/tupyy/tinyedge-controller/internal/repo/postgres/manifest.go:104.12,106.3 1 0
github.com/tupyy/tinyedge-controller/internal/repo/postgres/manifest.go:110.58,111.31 1 0
github.com/tupyy/tinyedge-controller/internal/repo/postgres/manifest.go:114.3,114.13 1 0
github.com/tupyy/tinyedge-controller/internal/repo/postgres/manifest.go:111.31,113.4 1 0
github.com/tupyy/tinyedge-controller/internal/repo/postgres/manifest.go:119.98,120.37 1 1
github.com/tupyy/tinyedge-controller/internal/repo/postgres/manifest.go:124.2,126.82 2 1
github.com/tupyy/tinyedge-controller/internal/repo/postgres/manifest.go:136.2,136.12 1 1
github.com/tupyy/tinyedge-controller/internal/repo/postgres/manifest.go:120.37,122.3 1 0
github.com/tupyy/tinyedge-controller/internal/repo/postgres/manifest.go:126.82,127.31 1 0
github.com/tupyy/tinyedge-controller/internal/repo/postgres/manifest.go:130.3,130.45 1 0
github.com/tupyy/tinyedge-controller/internal/repo/postgres/manifest.go:133.3,133.13 1 0
github.com/tupyy/tinyedge-controller/internal/repo/postgres/manifest.go:127.31,129.4 1 0
github.com/tupyy/tinyedge-controller/internal/repo/postgres/manifest.go:130.45,132.4 1 0
github.com/tupyy/tinyedge-controller/internal/repo/postgres/manifest.go:139.83,140.37 1 1
github.com/tupyy/tinyedge-controller/internal/repo/postgres/manifest.go:144.2,145.16 2 1
github.com/tupyy/tinyedge-controller/internal/repo/postgres/manifest.go:149.2,149.13 1 1
github.com/tupyy/tinyedge-controller/internal/repo/postgres/manifest.go:153.2,153.90 1 1
github.com/tupyy/tinyedge-controller/internal/repo/postgres/manifest.go:160.2,160.12 1 1
github.com/tupyy/tinyedge-controller/internal/repo/postgres/manifest.go:140.37,142.3 1 0
github.com/tupyy/tinyedge-controller/internal/repo/postgres/manifest.go:145.16,147.3 1 0
github.com/tupyy/tinyedge-controller/internal/repo/postgres/manifest.go:149.13,151.3 1 0
github.com/tupyy/tinyedge-controller/internal/repo/postgres/manifest.go:153.90,154.31 1 0
github.com/tupyy/tinyedge-controller/internal/repo/postgres/manifest.go:157.3,157.13 1 0
github.com/tupyy/tinyedge-controller/internal/repo/postgres/manifest.go:154.31,156.4 1 0
github.com/tupyy/tinyedge-controller/internal/repo/postgres/manifest.go:163.98,164.23 1 1
github.com/tupyy/tinyedge-controller/internal/repo/postgres/manifest.go:165.36,166.82 1 1
github.com/tupyy/tinyedge-controller/internal/repo/postgres/manifest.go:167.30,168.76 1 1
github.com/tupyy/tinyedge-controller/internal/repo/postgres/manifest.go:169.33,170.79 1 1
github.com/tupyy/tinyedge-controller/internal/repo/postgres/manifest.go:171.10,172.45 1 0
github.com/tupyy/tinyedge-controller/internal/repo/postgres/manifest.go:176.98,177.23 1 1
github.com/tupyy/tinyedge-controller/internal/repo/postgres/manifest.go:178.36,179.82 1 1
github.com/tupyy/tinyedge-controller/internal/repo/postgres/manifest.go:180.30,181.76 1 1
github.com/tupyy/tinyedge-controller/internal/repo/postgres/manifest.go:182.33,183.79 1 1
github.com/tupyy/tinyedge-controller/internal/repo/postgres/manifest.go:184.10,185.45 1 0
github.com/tupyy/tinyedge-controller/internal/repo/postgres/manifest.go:190.113,191.37 1 1
github.com/tupyy/tinyedge-controller/internal/repo/postgres/manifest.go:195.2,200.68 2 1
github.com/tupyy/tinyedge-controller/internal/repo/postgres/manifest.go:204.2,204.16 1 1
github.com/tupyy/tinyedge-controller/internal/repo/postgres/manifest.go:208.2,208.12 1 1
github.com/tupyy/tinyedge-controller/internal/repo/postgres/manifest.go:213.2,214.128 2 1
github.com/tupyy/tinyedge-controller/internal/repo/postgres/manifest.go:218.2,218.58 1 1
github.com/tupyy/tinyedge-controller/internal/repo/postgres/manifest.go:225.2,225.12 1 1
github.com/tupyy/tinyedge-controller/internal/repo/postgres/manifest.go:191.37,193.3 1 0
github.com/tupyy/tinyedge-controller/internal/repo/postgres/manifest.go:200.68,203.3 2 1
github.com/tupyy/tinyedge-controller/internal/repo/postgres/manifest.go:204.16,206.3 1 0
github.com/tupyy/tinyedge-controller/internal/repo/postgres/manifest.go:208.12,210.3 1 0
github.com/tupyy/tinyedge-controller/internal/repo/postgres/manifest.go:214.128,216.3 1 0
github.com/tupyy/tinyedge-controller/internal/repo/postgres/manifest.go:218.58,219.31 1 0
github.com/tupyy/tinyedge-controller/internal/repo/postgres/manifest.go:222.3,222.13 1 0
github.com/tupyy/tinyedge-controller/internal/repo/postgres/manifest.go:219.31,221.4 1 0
github.com/tupyy/tinyedge-controller/internal/repo/postgres/manifest.go:228.113,229.37 1 1
github.com/tupyy/tinyedge-controller/internal/repo/postgres/manifest.go:233.2,233.68 1 1
github.com/tupyy/tinyedge-controller/internal/repo/postgres/manifest.go:237.2,237.16 1 1
github.com/tupyy/tinyedge-controller/internal/repo/postgres/manifest.go:241.2,241.13 1 1
github.com/tupyy/tinyedge-controller/internal/repo/postgres/manifest.go:245.2,246.129 2 1
github.com/tupyy/tinyedge-controller/internal/repo/postgres/manifest.go:253.2,253.12 1 1
github.com/tupyy/tinyedge-controller/internal/repo/postgres/manifest.go:229.37,231.3 1 0
github.com/tupyy/tinyedge-controller/internal/repo/postgres/manifest.go:233.68,236.3 2 1
github.com/tupyy/tinyedge-controller/internal/repo/postgres/manifest.go:237.16,239.3 1 0
github.com/tupyy/tinyedge-controller/internal/repo/postgres/manifest.go:241.13,243.3 1 0
github.com/tupyy/tinyedge-controller/internal/repo/postgres/manifest.go:246.129,247.31 1 0
github.com/tupyy/tinyedge-controller/internal/repo/postgres/manifest.go:250.3,250.13 1 0
github.com/tupyy/tinyedge-controller/internal/repo/postgres/manifest.go:247.31,249.4 1 0
github.com/tupyy/tinyedge-controller/internal/repo/postgres/manifest.go:256.101,257.37 1 1
github.com/tupyy/tinyedge-controller/internal/repo/postgres/manifest.go:261.2,266.68 2 1
github.com/tupyy/tinyedge-controller/internal/repo/postgres/manifest.go:270.2,270.16 1 1
github.com/tupyy/tinyedge-controller/internal/repo/postgres/manifest.go:274.2,274.12 1 1
github.com/tupyy/tinyedge-controller/internal/repo/postgres/manifest.go:279.2,280.123 2 1
github.com/tupyy/tinyedge-controller/internal/repo/postgres/manifest.go:284.2,284.58 1 1
github.com/tupyy/tinyedge-controller/internal/repo/postgres/manifest.go:291.2,291.12 1 1
github.com/tupyy/tinyedge-controller/internal/repo/postgres/manifest.go:257.37,259.3 1 0
github.com/tupyy/tinyedge-controller/internal/repo/postgres/manifest.go:266.68,269.3 2 1
github.com/tupyy/tinyedge-controller/internal/repo/postgres/manifest.go:270.16,272.3 1 0
github.com/tupyy/tinyedge-controller/internal/repo/postgres/manifest.go:274.12,276.3 1 0
github.com/tupyy/tinyedge-controller/internal/repo/postgres/manifest.go:280.123,282.3 1 0
github.com/tupyy/tinyedge-controller/internal/repo/postgres/manifest.go:284.58,285.31 1 0
github.com/tupyy/tinyedge-controller/internal/repo/postgres/manifest.go:288.3,288.13 1 0
github.com/tupyy/tinyedge-controller/internal/repo/postgres/manifest.go:285.31,287.4 1 0
github.com/tupyy/tinyedge-controller/internal/repo/postgres/manifest.go:294.101,295.37 1 1
github.com/tupyy/tinyedge-controller/internal/repo/postgres/manifest.go:299.2,299.68 1 1
github.com/tupyy/tinyedge-controller/internal/repo/postgres/manifest.go:303.2,303.16 1 1
github.com/tupyy/tinyedge-controller/internal/repo/postgres/manifest.go:307.2,307.13 1 1
github.com/tupyy/tinyedge-controller/internal/repo/postgres/manifest.go:311.2,312.124 2 1
github.com/tupyy/tinyedge-controller/internal/repo/postgres/manifest.go:319.2,319.12 1 1
github.com/tupyy/tinyedge-controller/internal/repo/postgres/manifest.go:295.37,297.3 1 0
github.com/tupyy/tinyedge-controller/internal/repo/postgres/manifest.go:299.68,302.3 2 1
github.com/tupyy/tinyedge-controller/internal/repo/postgres/manifest.go:303.16,305.3 1 0
github.com/tupyy/tinyedge-controller/internal/repo/postgres/manifest.go:307.13,309.3 1 0
github.com/tupyy/tinyedge-controller/internal/repo/postgres/manifest.go:312.124,313.31 1 0
github.com/tupyy/tinyedge-controller/internal/repo/postgres/manifest.go:316.3,316.13 1 0
github.com/tupyy/tinyedge-controller/internal/repo/postgres/manifest.go:313.31,315.4 1 0
github.com/tupyy/tinyedge-controller/internal/repo/postgres/manifest.go:322.107,323.37 1 1
github.com/tupyy/tinyedge-controller/internal/repo/postgres/manifest.go:327.2,327.68 1 1
github.com/tupyy/tinyedge-controller/internal/repo/postgres/manifest.go:331.2,331.16 1 1
github.com/tupyy/tinyedge-controller/internal/repo/postgres/manifest.go:335.2,335.12 1 1
github.com/tupyy/tinyedge-controller/internal/repo/postgres/manifest.go:339.2,346.122 3 1
github.com/tupyy/tinyedge-controller/internal/repo/postgres/manifest.go:350.2,350.58 1 1
github.com/tupyy/tinyedge-controller/internal/repo/postgres/manifest.go:357.2,357.12 1 1
github.com/tupyy/tinyedge-controller/internal/repo/postgres/manifest.go:323.37,325.3 1 0
github.com/tupyy/tinyedge-controller/internal/repo/postgres/manifest.go:327.68,330.3 2 1
github.com/tupyy/tinyedge-controller/internal/repo/postgres/manifest.go:331.16,333.3 1 0
github.com/tupyy/tinyedge-controller/internal/repo/postgres/manifest.go:335.12,337.3 1 0
github.com/tupyy/tinyedge-controller/internal/repo/postgres/manifest.go:346.122,348.3 1 0
github.com/tupyy/tinyedge-controller/internal/repo/postgres/manifest.go:350.58,351.31 1 0
github.com/tupyy/tinyedge-controller/internal/repo/postgres/manifest.go:354.3,354.13 1 0
github.com/tupyy/tinyedge-controller/internal/repo/postgres/manifest.go:351.31,353.4 1 0
github.com/tupyy/tinyedge-controller/internal/repo/postgres/manifest.go:360.107,361.37 1 1
github.com/tupyy/tinyedge-controller/internal/repo/postgres/manifest.go:365.2,365.68 1 1
github.com/tupyy/tinyedge-controller/internal/repo/postgres/manifest.go:369.2,369.16 1 1
github.com/tupyy/tinyedge-controller/internal/repo/postgres/manifest.go:373.2,373.13 1 1
github.com/tupyy/tinyedge-controller/internal/repo/postgres/manifest.go:377.2,378.123 2 1
github.com/tupyy/tinyedge-controller/internal/repo/postgres/manifest.go:385.2,385.12 1 1
github.com/tupyy/tinyedge-controller/internal/repo/postgres/manifest.go:361.37,363.3 1 0
github.com/tupyy/tinyedge-controller/internal/repo/postgres/manifest.go:365.68,368.3 2 1
github.com/tupyy/tinyedge-controller/internal/repo/postgres/manifest.go:369.16,371.3 1 0
github.com/tupyy/tinyedge-controller/internal/repo/postgres/manifest.go:373.13,375.3 1 0
github.com/tupyy/tinyedge-controller/internal/repo/postgres/manifest.go:378.123,379.31 1 0
github.com/tupyy/tinyedge-controller/internal/repo/postgres/manifest.go:382.3,382.13 1 0
github.com/tupyy/tinyedge-controller/internal/repo/postgres/manifest.go:379.31,381.4 1 0
github.com/tupyy/tinyedge-controller/internal/repo/postgres/manifest.go:388.73,390.12 2 0
github.com/tupyy/tinyedge-controller/internal/repo/postgres/manifest.go:393.2,393.8 1 0
github.com/tupyy/tinyedge-controller/internal/repo/postgres/manifest.go:390.12,392.3 1 0
github.com/tupyy/tinyedge-controller/internal/repo/postgres/manifest.go:396.66,398.2 1 1
github.com/tupyy/tinyedge-controller/internal/repo/postgres/manifest.go:400.85,402.77 2 1
github.com/tupyy/tinyedge-controller/internal/repo/postgres/manifest.go:408.2,408.18 1 1
github.com/tupyy/tinyedge-controller/internal/repo/postgres/manifest.go:402.77,403.45 1 1
github.com/tupyy/tinyedge-controller/internal/repo/postgres/manifest.go:406.3,406.20 1 0
github.com/tupyy/tinyedge-controller/internal/repo/postgres/manifest.go:403.45,405.4 1 1
github.com/tupyy/tinyedge-controller/internal/repo/postgres/manifest.go:411.124,412.58 1 1
github.com/tupyy/tinyedge-controller/internal/repo/postgres/manifest.go:418.2,418.18 1 1
github.com/tupyy/tinyedge-controller/internal/repo/postgres/manifest.go:412.58,413.45 1 1
github.com/tupyy/tinyedge-controller/internal/repo/postgres/manifest.go:416.3,416.20 1 0
github.com/tupyy/tinyedge-controller/internal/repo/postgres/manifest.go:413.45,415.4 1 1
github.com/tupyy/tinyedge-controller/internal/repo/postgres/manifest.go:421.73,424.68 2 0
github.com/tupyy/tinyedge-controller/internal/repo/postgres/manifest.go:428.2,428.22 1 0
github.com/tupyy/tinyedge-controller/internal/repo/postgres/manifest.go:432.2,432.20 1 0
github.com/tupyy/tinyedge-controller/internal/repo/postgres/manifest.go:424.68,426.3 1 0
github.com/tupyy/tinyedge-controller/internal/repo/postgres/manifest.go:428.22,430.3 1 0
github.com/tupyy/tinyedge-controller/internal/repo/postgres/options.go:17.56,19.43 2 0
github.com/tupyy/tinyedge-controller/internal/repo/postgres/options.go:22.2,22.45 1 0
github.com/tupyy/tinyedge-controller/internal/repo/postgres/options.go:19.43,21.3 1 0
github.com/tupyy/tinyedge-controller/internal/repo/postgres/options.go:25.54,27.2 1 0
github.com/tupyy/tinyedge-controller/internal/repo/postgres/queries.go:9.43,33.2 3 1
github.com/tupyy/tinyedge-controller/internal/repo/postgres/queries.go:35.37,58.2 3 1
github.com/tupyy/tinyedge-controller/internal/repo/postgres/queries.go:60.40,82.2 3 1
github.com/tupyy/tinyedge-controller/internal/repo/postgres/queries.go:88.79,100.2 2 1
github.com/tupyy/tinyedge-controller/internal/repo/postgres/queries.go:102.77,105.2 2 1
github.com/tupyy/tinyedge-controller/internal/repo/postgres/queries.go:107.82,110.2 2 1
github.com/tupyy/tinyedge-controller/internal/repo/postgres/queries.go:112.82,115.2 2 0
github.com/tupyy/tinyedge-controller/internal/repo/postgres/queries.go:117.79,120.2 2 0
github.com/tupyy/tinyedge-controller/internal/repo/postgres/queries.go:122.76,125.2 2 0
github.com/tupyy/tinyedge-controller/internal/repo/postgres/queries.go:127.50,129.2 1 1
github.com/tupyy/tinyedge-controller/internal/repo/postgres/repository.go:22.65,28.16 3 1
github.com/tupyy/tinyedge-controller/internal/repo/postgres/repository.go:32.2,32.69 1 1
github.com/tupyy/tinyedge-controller/internal/repo/postgres/repository.go:28.16,30.3 1 0
github.com/tupyy/tinyedge-controller/internal/repo/postgres/repository.go:35.95,36.37 1 1
github.com/tupyy/tinyedge-controller/internal/repo/postgres/repository.go:40.2,42.76 2 1
github.com/tupyy/tinyedge-controller/internal/repo/postgres/repository.go:52.2,52.45 1 1
github.com/tupyy/tinyedge-controller/internal/repo/postgres/repository.go:36.37,38.3 1 0
github.com/tupyy/tinyedge-controller/internal/repo/postgres/repository.go:42.76,43.31 1 0
github.com/tupyy/tinyedge-controller/internal/repo/postgres/repository.go:46.3,46.45 1 0
github.com/tupyy/tinyedge-controller/internal/repo/postgres/repository.go:49.3,49.34 1 0
github.com/tupyy/tinyedge-controller/internal/repo/postgres/repository.go:43.31,45.4 1 0
github.com/tupyy/tinyedge-controller/internal/repo/postgres/repository.go:46.45,48.4 1 0
github.com/tupyy/tinyedge-controller/internal/repo/postgres/repository.go:55.88,56.37 1 1
github.com/tupyy/tinyedge-controller/internal/repo/postgres/repository.go:60.2,62.56 2 1
github.com/tupyy/tinyedge-controller/internal/repo/postgres/repository.go:69.2,69.21 1 1
github.com/tupyy/tinyedge-controller/internal/repo/postgres/repository.go:73.2,74.26 2 1
github.com/tupyy/tinyedge-controller/internal/repo/postgres/repository.go:78.2,78.22 1 1
github.com/tupyy/tinyedge-controller/internal/repo/postgres/repository.go:56.37,58.3 1 0
github.com/tupyy/tinyedge-controller/internal/repo/postgres/repository.go:62.56,63.31 1 0
github.com/tupyy/tinyedge-controller/internal/repo/postgres/repository.go:66.3,66.36 1 0
github.com/tupyy/tinyedge-controller/internal/repo/postgres/repository.go:63.31,65.4 1 0
github.com/tupyy/tinyedge-controller/internal/repo/postgres/repository.go:69.21,71.3 1 0
github.com/tupyy/tinyedge-controller/internal/repo/postgres/repository.go:74.26,76.3 1 1
github.com/tupyy/tinyedge-controller/internal/repo/postgres/repository.go:81.87,82.37 1 1
github.com/tupyy/tinyedge-controller/internal/repo/postgres/repository.go:86.2,88.58 2 1
github.com/tupyy/tinyedge-controller/internal/repo/postgres/repository.go:94.2,94.12 1 1
github.com/tupyy/tinyedge-controller/internal/repo/postgres/repository.go:82.37,84.3 1 0
github.com/tupyy/tinyedge-controller/internal/repo/postgres/repository.go:88.58,89.31 1 0
github.com/tupyy/tinyedge-controller/internal/repo/postgres/repository.go:92.3,92.13 1 0
github.com/tupyy/tinyedge-controller/internal/repo/postgres/repository.go:89.31,91.4 1 0
github.com/tupyy/tinyedge-controller/internal/repo/postgres/repository.go:97.87,98.37 1 1
github.com/tupyy/tinyedge-controller/internal/repo/postgres/repository.go:102.2,104.82 2 1
github.com/tupyy/tinyedge-controller/internal/repo/postgres/repository.go:111.2,111.12 1 1
github.com/tupyy/tinyedge-controller/internal/repo/postgres/repository.go:98.37,100.3 1 0
github.com/tupyy/tinyedge-controller/internal/repo/postgres/repository.go:104.82,105.31 1 0
github.com/tupyy/tinyedge-controller/internal/repo/postgres/repository.go:108.3,108.13 1 0
github.com/tupyy/tinyedge-controller/internal/repo/postgres/repository.go:105.31,107.4 1 0
github.com/tupyy/tinyedge-controller/internal/repo/postgres/repository.go:114.65,116.12 2 0
github.com/tupyy/tinyedge-controller/internal/repo/postgres/repository.go:119.2,119.8 1 0
github.com/tupyy/tinyedge-controller/internal/repo/postgres/repository.go:116.12,118.3 1 0
github.com/tupyy/tinyedge-controller/internal/repo/postgres/repository.go:122.58,124.2 1 1
github.com/tupyy/tinyedge-controller/internal/services/auth/auth.go:18.77,20.2 1 1
github.com/tupyy/tinyedge-controller/internal/services/auth/auth.go:26.140,32.73 3 1
github.com/tupyy/tinyedge-controller/internal/services/auth/auth.go:41.2,41.53 1 1
github.com/tupyy/tinyedge-controller/internal/services/auth/auth.go:46.2,47.16 2 1
github.com/tupyy/tinyedge-controller/internal/services/auth/auth.go:52.2,53.16 2 1
github.com/tupyy/tinyedge-controller/internal/services/auth/auth.go:57.2,57.95 1 1
github.com/tupyy/tinyedge-controller/internal/services/auth/auth.go:69.2,69.31 1 1
github.com/tupyy/tinyedge-controller/internal/services/auth/auth.go:80.2,82.20 2 1
github.com/tupyy/tinyedge-controller/internal/services/auth/auth.go:32.73,34.55 1 1
github.com/tupyy/tinyedge-controller/internal/services/auth/auth.go:37.3,37.21 1 1
github.com/tupyy/tinyedge-controller/internal/services/auth/auth.go:34.55,36.4 1 1
github.com/tupyy/tinyedge-controller/internal/services/auth/auth.go:41.53,43.3 1 1
github.com/tupyy/tinyedge-controller/internal/services/auth/auth.go:47.16,49.3 1 1
github.com/tupyy/tinyedge-controller/internal/services/auth/auth.go:53.16,55.3 1 1
github.com/tupyy/tinyedge-controller/internal/services/auth/auth.go:57.95,67.3 2 1
github.com/tupyy/tinyedge-controller/internal/services/auth/auth.go:69.31,78.3 2 1
github.com/tupyy/tinyedge-controller/internal/services/auth/auth.go:85.77,87.31 2 0
github.com/tupyy/tinyedge-controller/internal/services/auth/auth.go:91.2,92.16 2 0
github.com/tupyy/tinyedge-controller/internal/services/auth/auth.go:96.2,96.25 1 0
github.com/tupyy/tinyedge-controller/internal/services/auth/auth.go:87.31,89.3 1 0
github.com/tupyy/tinyedge-controller/internal/services/auth/auth.go:92.16,94.3 1 0
github.com/tupyy/tinyedge-controller/internal/services/auth/auth.go:99.72,101.2 1 1
github.com/tupyy/tinyedge-controller/internal/services/auth/auth.go:103.66,105.2 1 1
github.com/tupyy/tinyedge-controller/internal/services/auth/cert_reader_moq.go:49.116,50.36 1 1
github.com/tupyy/tinyedge-controller/internal/services/auth/cert_reader_moq.go:53.2,63.41 5 1
github.com/tupyy/tinyedge-controller/internal/services/auth/cert_reader_moq.go:50.36,51.120 1 0
github.com/tupyy/tinyedge-controller/internal/services/auth/cert_reader_moq.go:73.3,82.2 5 0
github.com/tupyy/tinyedge-controller/internal/services/auth/device_reader_moq.go:49.96,50.31 1 1
github.com/tupyy/tinyedge-controller/internal/services/auth/device_reader_moq.go:53.2,63.36 5 1
github.com/tupyy/tinyedge-controller/internal/services/auth/device_reader_moq.go:50.31,51.100 1 0
github.com/tupyy/tinyedge-controller/internal/services/auth/device_reader_moq.go:73.3,82.2 5 0
github.com/tupyy/tinyedge-controller/internal/services/configuration/device_reader_moq.go:77.96,78.31 1 0
github.com/tupyy/tinyedge-controller/internal/services/configuration/device_reader_moq.go:81.2,91.36 5 0
github.com/tupyy/tinyedge-controller/internal/services/configuration/device_reader_moq.go:78.31,79.100 1 0
github.com/tupyy/tinyedge-controller/internal/services/configuration/device_reader_moq.go:101.3,110.2 5 0
github.com/tupyy/tinyedge-controller/internal/services/configuration/device_reader_moq.go:113.102,114.34 1 0
github.com/tupyy/tinyedge-controller/internal/services/configuration/device_reader_moq.go:117.2,127.39 5 0
github.com/tupyy/tinyedge-controller/internal/services/configuration/device_reader_moq.go:114.34,115.106 1 0
github.com/tupyy/tinyedge-controller/internal/services/configuration/device_reader_moq.go:137.3,146.2 5 0
github.com/tupyy/tinyedge-controller/internal/services/configuration/device_reader_moq.go:149.90,150.28 1 0
github.com/tupyy/tinyedge-controller/internal/services/configuration/device_reader_moq.go:153.2,163.33 5 0
github.com/tupyy/tinyedge-controller/internal/services/configuration/device_reader_moq.go:150.28,151.94 1 0
github.com/tupyy/tinyedge-controller/internal/services/configuration/device_reader_moq.go:173.3,182.2 5 0
github.com/tupyy/tinyedge-controller/internal/services/configuration/mappers.go:7.114,13.2 2 0
github.com/tupyy/tinyedge-controller/internal/services/configuration/service.go:14.46,18.2 1 0
github.com/tupyy/tinyedge-controller/internal/services/configuration/service.go:20.116,29.16 2 0
github.com/tupyy/tinyedge-controller/internal/services/configuration/service.go:32.2,33.16 2 0
github.com/tupyy/tinyedge-controller/internal/services/configuration/service.go:36.2,37.16 2 0
github.com/tupyy/tinyedge-controller/internal/services/configuration/service.go:41.2,42.26 2 0
github.com/tupyy/tinyedge-controller/internal/services/configuration/service.go:51.2,52.26 2 0
github.com/tupyy/tinyedge-controller/internal/services/configuration/service.go:29.16,31.3 1 0
github.com/tupyy/tinyedge-controller/internal/services/configuration/service.go:33.16,35.3 1 0
github.com/tupyy/tinyedge-controller/internal/services/configuration/service.go:37.16,39.3 1 0
github.com/tupyy/tinyedge-controller/internal/services/configuration/service.go:42.26,44.3 1 0
github.com/tupyy/tinyedge-controller/internal/services/configuration/service.go:58.110,59.33 1 0
github.com/tupyy/tinyedge-controller/internal/services/configuration/service.go:64.2,64.25 1 0
github.com/tupyy/tinyedge-controller/internal/services/configuration/service.go:75.2,76.16 2 0
github.com/tupyy/tinyedge-controller/internal/services/configuration/service.go:81.2,81.37 1 0
github.com/tupyy/tinyedge-controller/internal/services/configuration/service.go:59.33,61.3 1 0
github.com/tupyy/tinyedge-controller/internal/services/configuration/service.go:64.25,66.17 2 0
github.com/tupyy/tinyedge-controller/internal/services/configuration/service.go:69.3,69.31 1 0
github.com/tupyy/tinyedge-controller/internal/services/configuration/service.go:66.17,68.4 1 0
github.com/tupyy/tinyedge-controller/internal/services/configuration/service.go:69.31,71.4 1 0
github.com/tupyy/tinyedge-controller/internal/services/configuration/service.go:76.16,78.3 1 0
github.com/tupyy/tinyedge-controller/internal/services/configuration/service.go:84.102,85.31 1 0
github.com/tupyy/tinyedge-controller/internal/services/configuration/service.go:89.2,89.25 1 0
github.com/tupyy/tinyedge-controller/internal/services/configuration/service.go:99.2,100.16 2 0
github.com/tupyy/tinyedge-controller/internal/services/configuration/service.go:103.2,103.33 1 0
github.com/tupyy/tinyedge-controller/internal/services/configuration/service.go:85.31,87.3 1 0
github.com/tupyy/tinyedge-controller/internal/services/configuration/service.go:89.25,91.17 2 0
github.com/tupyy/tinyedge-controller/internal/services/configuration/service.go:94.3,94.30 1 0
github.com/tupyy/tinyedge-controller/internal/services/configuration/service.go:91.17,93.4 1 0
github.com/tupyy/tinyedge-controller/internal/services/configuration/service.go:94.30,96.4 1 0
github.com/tupyy/tinyedge-controller/internal/services/configuration/service.go:100.16,102.3 1 0
github.com/tupyy/tinyedge-controller/internal/services/device/device_rw_moq.go:223.99,224.34 1 0
github.com/tupyy/tinyedge-controller/internal/services/device/device_rw_moq.go:227.2,237.43 5 0
github.com/tupyy/tinyedge-controller/internal/services/device/device_rw_moq.go:224.34,225.118 1 0
github.com/tupyy/tinyedge-controller/internal/services/device/device_rw_moq.go:246.3,255.2 5 0
github.com/tupyy/tinyedge-controller/internal/services/device/device_rw_moq.go:258.108,259.37 1 1
github.com/tupyy/tinyedge-controller/internal/services/device/device_rw_moq.go:262.2,272.49 5 1
github.com/tupyy/tinyedge-controller/internal/services/device/device_rw_moq.go:259.37,260.124 1 0
github.com/tupyy/tinyedge-controller/internal/services/device/device_rw_moq.go:281.3,290.2 5 0
github.com/tupyy/tinyedge-controller/internal/services/device/device_rw_moq.go:293.90,294.31 1 1
github.com/tupyy/tinyedge-controller/internal/services/device/device_rw_moq.go:297.2,307.37 5 1
github.com/tupyy/tinyedge-controller/internal/services/device/device_rw_moq.go:294.31,295.112 1 0
github.com/tupyy/tinyedge-controller/internal/services/device/device_rw_moq.go:316.3,325.2 5 1
github.com/tupyy/tinyedge-controller/internal/services/device/device_rw_moq.go:328.91,329.37 1 1
github.com/tupyy/tinyedge-controller/internal/services/device/device_rw_moq.go:332.2,342.42 5 1
github.com/tupyy/tinyedge-controller/internal/services/device/device_rw_moq.go:329.37,330.124 1 0
github.com/tupyy/tinyedge-controller/internal/services/device/device_rw_moq.go:351.3,360.2 5 1
github.com/tupyy/tinyedge-controller/internal/services/device/device_rw_moq.go:363.85,364.31 1 1
github.com/tupyy/tinyedge-controller/internal/services/device/device_rw_moq.go:367.2,377.36 5 1
github.com/tupyy/tinyedge-controller/internal/services/device/device_rw_moq.go:364.31,365.112 1 0
github.com/tupyy/tinyedge-controller/internal/services/device/device_rw_moq.go:386.3,395.2 5 0
github.com/tupyy/tinyedge-controller/internal/services/device/device_rw_moq.go:398.104,399.41 1 1
github.com/tupyy/tinyedge-controller/internal/services/device/device_rw_moq.go:402.2,410.42 5 1
github.com/tupyy/tinyedge-controller/internal/services/device/device_rw_moq.go:399.41,400.132 1 0
github.com/tupyy/tinyedge-controller/internal/services/device/device_rw_moq.go:418.3,426.2 5 0
github.com/tupyy/tinyedge-controller/internal/services/device/device_rw_moq.go:429.102,430.31 1 1
github.com/tupyy/tinyedge-controller/internal/services/device/device_rw_moq.go:433.2,443.36 5 1
github.com/tupyy/tinyedge-controller/internal/services/device/device_rw_moq.go:430.31,431.112 1 0
github.com/tupyy/tinyedge-controller/internal/services/device/device_rw_moq.go:452.3,461.2 5 1
github.com/tupyy/tinyedge-controller/internal/services/device/device_rw_moq.go:464.94,465.32 1 0
github.com/tupyy/tinyedge-controller/internal/services/device/device_rw_moq.go:468.2,476.33 5 0
github.com/tupyy/tinyedge-controller/internal/services/device/device_rw_moq.go:465.32,466.114 1 0
github.com/tupyy/tinyedge-controller/internal/services/device/device_rw_moq.go:484.3,492.2 5 0
github.com/tupyy/tinyedge-controller/internal/services/device/device_rw_moq.go:495.108,496.34 1 1
github.com/tupyy/tinyedge-controller/internal/services/device/device_rw_moq.go:499.2,509.39 5 1
github.com/tupyy/tinyedge-controller/internal/services/device/device_rw_moq.go:496.34,497.118 1 0
github.com/tupyy/tinyedge-controller/internal/services/device/device_rw_moq.go:518.3,527.2 5 0
github.com/tupyy/tinyedge-controller/internal/services/device/device_rw_moq.go:530.100,531.35 1 1
github.com/tupyy/tinyedge-controller/internal/services/device/device_rw_moq.go:534.2,542.36 5 1
github.com/tupyy/tinyedge-controller/internal/services/device/device_rw_moq.go:531.35,532.120 1 0
github.com/tupyy/tinyedge-controller/internal/services/device/device_rw_moq.go:550.3,558.2 5 1
github.com/tupyy/tinyedge-controller/internal/services/device/device_rw_moq.go:561.96,562.28 1 1
github.com/tupyy/tinyedge-controller/internal/services/device/device_rw_moq.go:565.2,575.33 5 1
github.com/tupyy/tinyedge-controller/internal/services/device/device_rw_moq.go:562.28,563.106 1 0
github.com/tupyy/tinyedge-controller/internal/services/device/device_rw_moq.go:584.3,593.2 5 0
github.com/tupyy/tinyedge-controller/internal/services/device/device_rw_moq.go:596.88,597.29 1 0
github.com/tupyy/tinyedge-controller/internal/services/device/device_rw_moq.go:600.2,608.30 5 0
github.com/tupyy/tinyedge-controller/internal/services/device/device_rw_moq.go:597.29,598.108 1 0
github.com/tupyy/tinyedge-controller/internal/services/device/device_rw_moq.go:616.3,624.2 5 0
github.com/tupyy/tinyedge-controller/internal/services/device/device_rw_moq.go:627.99,628.34 1 1
github.com/tupyy/tinyedge-controller/internal/services/device/device_rw_moq.go:631.2,641.43 5 1
github.com/tupyy/tinyedge-controller/internal/services/device/device_rw_moq.go:628.34,629.118 1 0
github.com/tupyy/tinyedge-controller/internal/services/device/device_rw_moq.go:650.3,659.2 5 1
github.com/tupyy/tinyedge-controller/internal/services/device/device_rw_moq.go:662.108,663.37 1 1
github.com/tupyy/tinyedge-controller/internal/services/device/device_rw_moq.go:666.2,676.49 5 1
github.com/tupyy/tinyedge-controller/internal/services/device/device_rw_moq.go:663.37,664.124 1 0
github.com/tupyy/tinyedge-controller/internal/services/device/device_rw_moq.go:685.3,694.2 5 1
github.com/tupyy/tinyedge-controller/internal/services/device/service.go:16.52,18.2 1 1
github.com/tupyy/tinyedge-controller/internal/services/device/service.go:20.82,22.2 1 1
github.com/tupyy/tinyedge-controller/internal/services/device/service.go:24.90,26.2 1 1
github.com/tupyy/tinyedge-controller/internal/services/device/service.go:28.86,30.2 1 1
github.com/tupyy/tinyedge-controller/internal/services/device/service.go:33.93,35.16 2 1
github.com/tupyy/tinyedge-controller/internal/services/device/service.go:40.2,41.16 2 1
github.com/tupyy/tinyedge-controller/internal/services/device/service.go:45.2,45.26 1 1
github.com/tupyy/tinyedge-controller/internal/services/device/service.go:50.2,50.25 1 1
github.com/tupyy/tinyedge-controller/internal/services/device/service.go:62.2,63.16 2 1
github.com/tupyy/tinyedge-controller/internal/services/device/service.go:68.2,68.39 1 1
github.com/tupyy/tinyedge-controller/internal/services/device/service.go:80.2,80.64 1 1
github.com/tupyy/tinyedge-controller/internal/services/device/service.go:84.2,85.23 2 1
github.com/tupyy/tinyedge-controller/internal/services/device/service.go:35.16,37.3 1 0
github.com/tupyy/tinyedge-controller/internal/services/device/service.go:41.16,43.3 1 1
github.com/tupyy/tinyedge-controller/internal/services/device/service.go:45.26,47.3 1 1
github.com/tupyy/tinyedge-controller/internal/services/device/service.go:50.25,51.32 1 1
github.com/tupyy/tinyedge-controller/internal/services/device/service.go:51.32,52.32 1 1
github.com/tupyy/tinyedge-controller/internal/services/device/service.go:52.32,54.66 2 1
github.com/tupyy/tinyedge-controller/internal/services/device/service.go:57.5,57.10 1 1
github.com/tupyy/tinyedge-controller/internal/services/device/service.go:54.66,56.6 1 0
github.com/tupyy/tinyedge-controller/internal/services/device/service.go:63.16,65.3 1 0
github.com/tupyy/tinyedge-controller/internal/services/device/service.go:68.39,70.17 2 1
github.com/tupyy/tinyedge-controller/internal/services/device/service.go:73.3,74.53 2 1
github.com/tupyy/tinyedge-controller/internal/services/device/service.go:77.3,77.93 1 1
github.com/tupyy/tinyedge-controller/internal/services/device/service.go:70.17,72.4 1 1
github.com/tupyy/tinyedge-controller/internal/services/device/service.go:74.53,76.4 1 1
github.com/tupyy/tinyedge-controller/internal/services/device/service.go:80.64,82.3 1 0
github.com/tupyy/tinyedge-controller/internal/services/device/service.go:88.110,90.16 2 0
github.com/tupyy/tinyedge-controller/internal/services/device/service.go:94.2,94.25 1 0
github.com/tupyy/tinyedge-controller/internal/services/device/service.go:108.2,108.71 1 0
github.com/tupyy/tinyedge-controller/internal/services/device/service.go:112.2,112.23 1 0
github.com/tupyy/tinyedge-controller/internal/services/device/service.go:90.16,92.3 1 0
github.com/tupyy/tinyedge-controller/internal/services/device/service.go:94.25,97.17 2 0
github.com/tupyy/tinyedge-controller/internal/services/device/service.go:100.3,100.46 1 0
github.com/tupyy/tinyedge-controller/internal/services/device/service.go:97.17,99.4 1 0
github.com/tupyy/tinyedge-controller/internal/services/device/service.go:100.46,102.80 2 0
github.com/tupyy/tinyedge-controller/internal/services/device/service.go:102.80,104.5 1 0
github.com/tupyy/tinyedge-controller/internal/services/device/service.go:108.71,110.3 1 0
github.com/tupyy/tinyedge-controller/internal/services/device/service.go:115.70,117.2 1 0
github.com/tupyy/tinyedge-controller/internal/services/device/service.go:119.78,121.2 1 1
github.com/tupyy/tinyedge-controller/internal/services/device/service.go:123.81,125.16 2 1
github.com/tupyy/tinyedge-controller/internal/services/device/service.go:129.2,129.64 1 1
github.com/tupyy/tinyedge-controller/internal/services/device/service.go:133.2,133.17 1 1
github.com/tupyy/tinyedge-controller/internal/services/device/service.go:125.16,127.3 1 1
github.com/tupyy/tinyedge-controller/internal/services/device/service.go:129.64,131.3 1 1
github.com/tupyy/tinyedge-controller/internal/services/device/service.go:136.84,138.2 1 1
github.com/tupyy/tinyedge-controller/internal/services/device/service.go:140.76,142.2 1 0
github.com/tupyy/tinyedge-controller/internal/services/device/service.go:144.81,146.16 2 1
github.com/tupyy/tinyedge-controller/internal/services/device/service.go:149.2,150.12 2 1
github.com/tupyy/tinyedge-controller/internal/services/device/service.go:146.16,148.3 1 1
github.com/tupyy/tinyedge-controller/internal/services/device/service.go:153.90,155.16 2 1
github.com/tupyy/tinyedge-controller/internal/services/device/service.go:161.2,163.55 2 1
github.com/tupyy/tinyedge-controller/internal/services/device/service.go:155.16,157.3 1 1
github.com/tupyy/tinyedge-controller/internal/services/device/service.go:157.8,157.65 1 1
github.com/tupyy/tinyedge-controller/internal/services/device/service.go:157.65,159.3 1 1
github.com/tupyy/tinyedge-controller/internal/services/device/service.go:166.72,168.16 2 1
github.com/tupyy/tinyedge-controller/internal/services/device/service.go:175.2,175.27 1 1
github.com/tupyy/tinyedge-controller/internal/services/device/service.go:179.2,180.16 2 1
github.com/tupyy/tinyedge-controller/internal/services/device/service.go:184.2,186.43 2 1
github.com/tupyy/tinyedge-controller/internal/services/device/service.go:168.16,170.3 1 1
github.com/tupyy/tinyedge-controller/internal/services/device/service.go:170.8,170.65 1 1
github.com/tupyy/tinyedge-controller/internal/services/device/service.go:170.65,172.3 1 0
github.com/tupyy/tinyedge-controller/internal/services/device/service.go:175.27,177.3 1 1
github.com/tupyy/tinyedge-controller/internal/services/device/service.go:180.16,182.3 1 0
github.com/tupyy/tinyedge-controller/internal/services/edge/certficate_writer_moq.go:54.140,55.29 1 1
github.com/tupyy/tinyedge-controller/internal/services/edge/certficate_writer_moq.go:58.2,72.44 5 1
github.com/tupyy/tinyedge-controller/internal/services/edge/certficate_writer_moq.go:55.29,56.106 1 0
github.com/tupyy/tinyedge-controller/internal/services/edge/certficate_writer_moq.go:83.3,94.2 5 0
github.com/tupyy/tinyedge-controller/internal/services/edge/configuration_reader_moq.go:49.129,50.44 1 0
github.com/tupyy/tinyedge-controller/internal/services/edge/configuration_reader_moq.go:53.2,63.49 5 0
github.com/tupyy/tinyedge-controller/internal/services/edge/configuration_reader_moq.go:50.44,51.140 1 0
github.com/tupyy/tinyedge-controller/internal/services/edge/configuration_reader_moq.go:72.3,81.2 5 0
github.com/tupyy/tinyedge-controller/internal/services/edge/device_rw_moq.go:77.99,78.34 1 1
github.com/tupyy/tinyedge-controller/internal/services/edge/device_rw_moq.go:81.2,91.43 5 1
github.com/tupyy/tinyedge-controller/internal/services/edge/device_rw_moq.go:78.34,79.118 1 0
github.com/tupyy/tinyedge-controller/internal/services/edge/device_rw_moq.go:100.3,109.2 5 1
github.com/tupyy/tinyedge-controller/internal/services/edge/device_rw_moq.go:112.102,113.31 1 1
github.com/tupyy/tinyedge-controller/internal/services/edge/device_rw_moq.go:116.2,126.36 5 1
github.com/tupyy/tinyedge-controller/internal/services/edge/device_rw_moq.go:113.31,114.112 1 0
github.com/tupyy/tinyedge-controller/internal/services/edge/device_rw_moq.go:135.3,144.2 5 0
github.com/tupyy/tinyedge-controller/internal/services/edge/device_rw_moq.go:147.99,148.34 1 1
github.com/tupyy/tinyedge-controller/internal/services/edge/device_rw_moq.go:151.2,161.43 5 1
github.com/tupyy/tinyedge-controller/internal/services/edge/device_rw_moq.go:148.34,149.118 1 0
github.com/tupyy/tinyedge-controller/internal/services/edge/device_rw_moq.go:170.3,179.2 5 1
github.com/tupyy/tinyedge-controller/internal/services/edge/service.go:26.104,28.2 1 1
github.com/tupyy/tinyedge-controller/internal/services/edge/service.go:32.102,34.16 2 1
github.com/tupyy/tinyedge-controller/internal/services/edge/service.go:54.2,55.27 2 1
github.com/tupyy/tinyedge-controller/internal/services/edge/service.go:34.16,35.42 1 1
github.com/tupyy/tinyedge-controller/internal/services/edge/service.go:39.3,47.17 4 1
github.com/tupyy/tinyedge-controller/internal/services/edge/service.go:50.3,51.33 2 1
github.com/tupyy/tinyedge-controller/internal/services/edge/service.go:35.42,37.4 1 1
github.com/tupyy/tinyedge-controller/internal/services/edge/service.go:47.17,49.4 1 1
github.com/tupyy/tinyedge-controller/internal/services/edge/service.go:58.81,60.16 2 0
github.com/tupyy/tinyedge-controller/internal/services/edge/service.go:66.2,66.56 1 0
github.com/tupyy/tinyedge-controller/internal/services/edge/service.go:60.16,61.42 1 0
github.com/tupyy/tinyedge-controller/internal/services/edge/service.go:64.3,64.20 1 0
github.com/tupyy/tinyedge-controller/internal/services/edge/service.go:61.42,63.4 1 0
github.com/tupyy/tinyedge-controller/internal/services/edge/service.go:69.111,71.16 2 1
github.com/tupyy/tinyedge-controller/internal/services/edge/service.go:75.2,75.48 1 1
github.com/tupyy/tinyedge-controller/internal/services/edge/service.go:79.2,81.16 3 1
github.com/tupyy/tinyedge-controller/internal/services/edge/service.go:85.2,89.71 4 1
github.com/tupyy/tinyedge-controller/internal/services/edge/service.go:93.2,95.25 2 1
github.com/tupyy/tinyedge-controller/internal/services/edge/service.go:71.16,73.3 1 1
github.com/tupyy/tinyedge-controller/internal/services/edge/service.go:75.48,77.3 1 1
github.com/tupyy/tinyedge-controller/internal/services/edge/service.go:81.16,83.3 1 1
github.com/tupyy/tinyedge-controller/internal/services/edge/service.go:89.71,91.3 1 1
github.com/tupyy/tinyedge-controller/internal/services/edge/service.go:98.84,100.16 2 1
github.com/tupyy/tinyedge-controller/internal/services/edge/service.go:103.2,103.30 1 1
github.com/tupyy/tinyedge-controller/internal/services/edge/service.go:100.16,102.3 1 0
github.com/tupyy/tinyedge-controller/internal/services/edge/service.go:106.110,108.2 1 0
github.com/tupyy/tinyedge-controller/internal/services/edge/service.go:111.84,113.2 1 0
github.com/tupyy/tinyedge-controller/internal/services/manifest/service.go:18.86,24.2 1 1
github.com/tupyy/tinyedge-controller/internal/services/manifest/service.go:26.104,28.2 1 0
github.com/tupyy/tinyedge-controller/internal/services/manifest/service.go:30.88,32.2 1 0
github.com/tupyy/tinyedge-controller/internal/services/manifest/service.go:34.86,36.16 2 1
github.com/tupyy/tinyedge-controller/internal/services/manifest/service.go:40.2,41.16 2 1
github.com/tupyy/tinyedge-controller/internal/services/manifest/service.go:45.2,45.81 1 1
github.com/tupyy/tinyedge-controller/internal/services/manifest/service.go:46.2,46.81 1 1
github.com/tupyy/tinyedge-controller/internal/services/manifest/service.go:47.2,47.81 1 1
github.com/tupyy/tinyedge-controller/internal/services/manifest/service.go:49.2,49.28 1 1
github.com/tupyy/tinyedge-controller/internal/services/manifest/service.go:58.2,58.28 1 1
github.com/tupyy/tinyedge-controller/internal/services/manifest/service.go:64.2,64.28 1 1
github.com/tupyy/tinyedge-controller/internal/services/manifest/service.go:73.2,73.12 1 1
github.com/tupyy/tinyedge-controller/internal/services/manifest/service.go:36.16,38.3 1 0
github.com/tupyy/tinyedge-controller/internal/services/manifest/service.go:41.16,43.3 1 0
github.com/tupyy/tinyedge-controller/internal/services/manifest/service.go:45.81,45.101 1 1
github.com/tupyy/tinyedge-controller/internal/services/manifest/service.go:46.81,46.101 1 1
github.com/tupyy/tinyedge-controller/internal/services/manifest/service.go:47.81,47.101 1 1
github.com/tupyy/tinyedge-controller/internal/services/manifest/service.go:47.137,47.176 1 1
github.com/tupyy/tinyedge-controller/internal/services/manifest/service.go:49.28,50.115 1 1
github.com/tupyy/tinyedge-controller/internal/services/manifest/service.go:53.3,53.51 1 1
github.com/tupyy/tinyedge-controller/internal/services/manifest/service.go:50.115,52.4 1 0
github.com/tupyy/tinyedge-controller/internal/services/manifest/service.go:53.51,55.4 1 0
github.com/tupyy/tinyedge-controller/internal/services/manifest/service.go:58.28,59.79 1 1
github.com/tupyy/tinyedge-controller/internal/services/manifest/service.go:59.79,61.4 1 0
github.com/tupyy/tinyedge-controller/internal/services/manifest/service.go:64.28,65.51 1 1
github.com/tupyy/tinyedge-controller/internal/services/manifest/service.go:68.3,68.71 1 1
github.com/tupyy/tinyedge-controller/internal/services/manifest/service.go:65.51,67.4 1 0
github.com/tupyy/tinyedge-controller/internal/services/manifest/service.go:68.71,70.4 1 0
github.com/tupyy/tinyedge-controller/internal/services/manifest/service.go:76.91,79.16 2 1
github.com/tupyy/tinyedge-controller/internal/services/manifest/service.go:84.2,84.149 1 1
github.com/tupyy/tinyedge-controller/internal/services/manifest/service.go:96.2,96.142 1 1
github.com/tupyy/tinyedge-controller/internal/services/manifest/service.go:97.2,97.129 1 1
github.com/tupyy/tinyedge-controller/internal/services/manifest/service.go:115.2,115.124 1 1
github.com/tupyy/tinyedge-controller/internal/services/manifest/service.go:116.2,116.117 1 1
github.com/tupyy/tinyedge-controller/internal/services/manifest/service.go:134.2,134.133 1 1
github.com/tupyy/tinyedge-controller/internal/services/manifest/service.go:135.2,135.123 1 1
github.com/tupyy/tinyedge-controller/internal/services/manifest/service.go:154.2,154.141 1 1
github.com/tupyy/tinyedge-controller/internal/services/manifest/service.go:155.2,155.129 1 1
github.com/tupyy/tinyedge-controller/internal/services/manifest/service.go:171.2,171.160 1 1
github.com/tupyy/tinyedge-controller/internal/services/manifest/service.go:172.2,172.117 1 1
github.com/tupyy/tinyedge-controller/internal/services/manifest/service.go:188.2,188.132 1 1
github.com/tupyy/tinyedge-controller/internal/services/manifest/service.go:189.2,189.123 1 1
github.com/tupyy/tinyedge-controller/internal/services/manifest/service.go:205.2,205.12 1 1
github.com/tupyy/tinyedge-controller/internal/services/manifest/service.go:79.16,81.3 1 0
github.com/tupyy/tinyedge-controller/internal/services/manifest/service.go:84.149,85.25 1 1
github.com/tupyy/tinyedge-controller/internal/services/manifest/service.go:92.3,92.13 1 1
github.com/tupyy/tinyedge-controller/internal/services/manifest/service.go:85.25,86.39 1 1
github.com/tupyy/tinyedge-controller/internal/services/manifest/service.go:86.39,87.48 1 1
github.com/tupyy/tinyedge-controller/internal/services/manifest/service.go:87.48,89.6 1 0
github.com/tupyy/tinyedge-controller/internal/services/manifest/service.go:96.142,96.154 1 1
github.com/tupyy/tinyedge-controller/internal/services/manifest/service.go:97.129,98.74 1 1
github.com/tupyy/tinyedge-controller/internal/services/manifest/service.go:104.3,104.122 1 1
github.com/tupyy/tinyedge-controller/internal/services/manifest/service.go:109.3,110.13 2 1
github.com/tupyy/tinyedge-controller/internal/services/manifest/service.go:98.74,99.42 1 1
github.com/tupyy/tinyedge-controller/internal/services/manifest/service.go:102.4,102.121 1 0
github.com/tupyy/tinyedge-controller/internal/services/manifest/service.go:99.42,101.5 1 1
github.com/tupyy/tinyedge-controller/internal/services/manifest/service.go:104.122,105.48 1 0
github.com/tupyy/tinyedge-controller/internal/services/manifest/service.go:105.48,107.5 1 0
github.com/tupyy/tinyedge-controller/internal/services/manifest/service.go:111.17,113.3 1 0
github.com/tupyy/tinyedge-controller/internal/services/manifest/service.go:115.124,115.136 1 1
github.com/tupyy/tinyedge-controller/internal/services/manifest/service.go:116.117,117.62 1 1
github.com/tupyy/tinyedge-controller/internal/services/manifest/service.go:123.3,123.110 1 1
github.com/tupyy/tinyedge-controller/internal/services/manifest/service.go:128.3,129.13 2 1
github.com/tupyy/tinyedge-controller/internal/services/manifest/service.go:117.62,118.42 1 1
github.com/tupyy/tinyedge-controller/internal/services/manifest/service.go:121.4,121.109 1 0
github.com/tupyy/tinyedge-controller/internal/services/manifest/service.go:118.42,120.5 1 1
github.com/tupyy/tinyedge-controller/internal/services/manifest/service.go:123.110,124.48 1 0
github.com/tupyy/tinyedge-controller/internal/services/manifest/service.go:124.48,126.5 1 0
github.com/tupyy/tinyedge-controller/internal/services/manifest/service.go:130.17,132.3 1 0
github.com/tupyy/tinyedge-controller/internal/services/manifest/service.go:134.133,134.145 1 1
github.com/tupyy/tinyedge-controller/internal/services/manifest/service.go:135.123,136.68 1 1
github.com/tupyy/tinyedge-controller/internal/services/manifest/service.go:142.3,142.116 1 1
github.com/tupyy/tinyedge-controller/internal/services/manifest/service.go:147.3,148.13 2 1
github.com/tupyy/tinyedge-controller/internal/services/manifest/service.go:136.68,137.42 1 1
github.com/tupyy/tinyedge-controller/internal/services/manifest/service.go:140.4,140.115 1 0
github.com/tupyy/tinyedge-controller/internal/services/manifest/service.go:137.42,139.5 1 1
github.com/tupyy/tinyedge-controller/internal/services/manifest/service.go:142.116,143.48 1 0
github.com/tupyy/tinyedge-controller/internal/services/manifest/service.go:143.48,145.5 1 0
github.com/tupyy/tinyedge-controller/internal/services/manifest/service.go:149.17,151.3 1 0
github.com/tupyy/tinyedge-controller/internal/services/manifest/service.go:154.141,154.153 1 1
github.com/tupyy/tinyedge-controller/internal/services/manifest/service.go:155.129,156.74 1 1
github.com/tupyy/tinyedge-controller/internal/services/manifest/service.go:161.3,162.17 2 1
github.com/tupyy/tinyedge-controller/internal/services/manifest/service.go:165.3,166.13 2 1
github.com/tupyy/tinyedge-controller/internal/services/manifest/service.go:156.74,157.42 1 0
github.com/tupyy/tinyedge-controller/internal/services/manifest/service.go:157.42,159.5 1 0
github.com/tupyy/tinyedge-controller/internal/services/manifest/service.go:162.17,164.4 1 0
github.com/tupyy/tinyedge-controller/internal/services/manifest/service.go:167.17,169.3 1 0
github.com/tupyy/tinyedge-controller/internal/services/manifest/service.go:171.160,171.172 1 1
github.com/tupyy/tinyedge-controller/internal/services/manifest/service.go:172.117,173.62 1 1
github.com/tupyy/tinyedge-controller/internal/services/manifest/service.go:178.3,179.17 2 1
github.com/tupyy/tinyedge-controller/internal/services/manifest/service.go:182.3,183.13 2 1
github.com/tupyy/tinyedge-controller/internal/services/manifest/service.go:173.62,174.42 1 0
github.com/tupyy/tinyedge-controller/internal/services/manifest/service.go:174.42,176.5 1 0
github.com/tupyy/tinyedge-controller/internal/services/manifest/service.go:179.17,181.4 1 0
github.com/tupyy/tinyedge-controller/internal/services/manifest/service.go:184.17,186.3 1 0
github.com/tupyy/tinyedge-controller/internal/services/manifest/service.go:188.132,188.144 1 1
github.com/tupyy/tinyedge-controller/internal/services/manifest/service.go:189.123,190.68 1 1
github.com/tupyy/tinyedge-controller/internal/services/manifest/service.go:195.3,196.17 2 1
github.com/tupyy/tinyedge-controller/internal/services/manifest/service.go:199.3,200.13 2 1
github.com/tupyy/tinyedge-controller/internal/services/manifest/service.go:190.68,191.42 1 0
github.com/tupyy/tinyedge-controller/internal/services/manifest/service.go:191.42,193.5 1 0
github.com/tupyy/tinyedge-controller/internal/services/manifest/service.go:196.17,198.4 1 0
github.com/tupyy/tinyedge-controller/internal/services/manifest/service.go:201.17,203.3 1 0
github.com/tupyy/tinyedge-controller/internal/services/manifest/service.go:208.45,210.2 1 0
github.com/tupyy/tinyedge-controller/internal/services/manifest/utils.go:6.72,7.17 1 1
github.com/tupyy/tinyedge-controller/internal/services/manifest/utils.go:11.2,15.20 4 1
github.com/tupyy/tinyedge-controller/internal/services/manifest/utils.go:19.2,19.29 1 1
github.com/tupyy/tinyedge-controller/internal/services/manifest/utils.go:31.2,32.24 2 1
github.com/tupyy/tinyedge-controller/internal/services/manifest/utils.go:38.2,38.12 1 1
github.com/tupyy/tinyedge-controller/internal/services/manifest/utils.go:7.17,9.3 1 1
github.com/tupyy/tinyedge-controller/internal/services/manifest/utils.go:15.20,17.3 1 1
github.com/tupyy/tinyedge-controller/internal/services/manifest/utils.go:19.29,20.17 1 1
github.com/tupyy/tinyedge-controller/internal/services/manifest/utils.go:25.3,25.17 1 1
github.com/tupyy/tinyedge-controller/internal/services/manifest/utils.go:20.17,23.4 2 1
github.com/tupyy/tinyedge-controller/internal/services/manifest/utils.go:25.17,28.4 2 1
github.com/tupyy/tinyedge-controller/internal/services/manifest/utils.go:32.24,33.33 1 1
github.com/tupyy/tinyedge-controller/internal/services/manifest/utils.go:33.33,35.4 1 1
github.com/tupyy/tinyedge-controller/internal/services/manifest/utils.go:41.104,46.20 4 1
github.com/tupyy/tinyedge-controller/internal/services/manifest/utils.go:50.2,50.29 1 1
github.com/tupyy/tinyedge-controller/internal/services/manifest/utils.go:62.2,63.24 2 1
github.com/tupyy/tinyedge-controller/internal/services/manifest/utils.go:69.2,69.12 1 1
github.com/tupyy/tinyedge-controller/internal/services/manifest/utils.go:46.20,48.3 1 1
github.com/tupyy/tinyedge-controller/internal/services/manifest/utils.go:50.29,51.17 1 1
github.com/tupyy/tinyedge-controller/internal/services/manifest/utils.go:56.3,56.17 1 1
github.com/tupyy/tinyedge-controller/internal/services/manifest/utils.go:51.17,54.4 2 1
github.com/tupyy/tinyedge-controller/internal/services/manifest/utils.go:56.17,59.4 2 1
github.com/tupyy/tinyedge-controller/internal/services/manifest/utils.go:63.24,64.49 1 1
github.com/tupyy/tinyedge-controller/internal/services/manifest/utils.go:64.49,66.4 1 1
github.com/tupyy/tinyedge-controller/internal/services/manifest/utils.go:72.54,73.24 1 0
github.com/tupyy/tinyedge-controller/internal/services/manifest/utils.go:78.2,78.14 1 0
github.com/tupyy/tinyedge-controller/internal/services/manifest/utils.go:73.24,74.22 1 0
github.com/tupyy/tinyedge-controller/internal/services/manifest/utils.go:74.22,76.4 1 0
github.com/tupyy/tinyedge-controller/internal/services/manifest/device_reader_moq.go:77.96,78.31 1 1
github.com/tupyy/tinyedge-controller/internal/services/manifest/device_reader_moq.go:81.2,91.36 5 1
github.com/tupyy/tinyedge-controller/internal/services/manifest/device_reader_moq.go:78.31,79.100 1 0
github.com/tupyy/tinyedge-controller/internal/services/manifest/device_reader_moq.go:100.3,109.2 5 0
github.com/tupyy/tinyedge-controller/internal/services/manifest/device_reader_moq.go:112.102,113.34 1 1
github.com/tupyy/tinyedge-controller/internal/services/manifest/device_reader_moq.go:116.2,126.39 5 1
github.com/tupyy/tinyedge-controller/internal/services/manifest/device_reader_moq.go:113.34,114.106 1 0
github.com/tupyy/tinyedge-controller/internal/services/manifest/device_reader_moq.go:135.3,144.2 5 0
github.com/tupyy/tinyedge-controller/internal/services/manifest/device_reader_moq.go:147.90,148.28 1 1
github.com/tupyy/tinyedge-controller/internal/services/manifest/device_reader_moq.go:151.2,161.33 5 1
github.com/tupyy/tinyedge-controller/internal/services/manifest/device_reader_moq.go:148.28,149.94 1 0
github.com/tupyy/tinyedge-controller/internal/services/manifest/device_reader_moq.go:170.3,179.2 5 0
github.com/tupyy/tinyedge-controller/internal/services/manifest/git_reader_moq.go:51.152,52.34 1 1
github.com/tupyy/tinyedge-controller/internal/services/manifest/git_reader_moq.go:55.2,67.51 5 1
github.com/tupyy/tinyedge-controller/internal/services/manifest/git_reader_moq.go:52.34,53.100 1 0
github.com/tupyy/tinyedge-controller/internal/services/manifest/git_reader_moq.go:77.3,87.2 5 0
github.com/tupyy/tinyedge-controller/internal/services/manifest/manifest_rw_moq.go:135.107,136.36 1 1
github.com/tupyy/tinyedge-controller/internal/services/manifest/manifest_rw_moq.go:139.2,149.47 5 1
github.com/tupyy/tinyedge-controller/internal/services/manifest/manifest_rw_moq.go:136.36,137.126 1 0
github.com/tupyy/tinyedge-controller/internal/services/manifest/manifest_rw_moq.go:158.3,167.2 5 0
github.com/tupyy/tinyedge-controller/internal/services/manifest/manifest_rw_moq.go:170.92,171.36 1 1
github.com/tupyy/tinyedge-controller/internal/services/manifest/manifest_rw_moq.go:174.2,184.41 5 1
github.com/tupyy/tinyedge-controller/internal/services/manifest/manifest_rw_moq.go:171.36,172.126 1 0
github.com/tupyy/tinyedge-controller/internal/services/manifest/manifest_rw_moq.go:193.3,202.2 5 0
github.com/tupyy/tinyedge-controller/internal/services/manifest/manifest_rw_moq.go:205.107,206.36 1 1
github.com/tupyy/tinyedge-controller/internal/services/manifest/manifest_rw_moq.go:209.2,219.47 5 1
github.com/tupyy/tinyedge-controller/internal/services/manifest/manifest_rw_moq.go:206.36,207.126 1 0
github.com/tupyy/tinyedge-controller/internal/services/manifest/manifest_rw_moq.go:228.3,237.2 5 0
github.com/tupyy/tinyedge-controller/internal/services/manifest/manifest_rw_moq.go:240.108,241.33 1 1
github.com/tupyy/tinyedge-controller/internal/services/manifest/manifest_rw_moq.go:244.2,254.38 5 1
github.com/tupyy/tinyedge-controller/internal/services/manifest/manifest_rw_moq.go:241.33,242.120 1 0
github.com/tupyy/tinyedge-controller/internal/services/manifest/manifest_rw_moq.go:263.3,272.2 5 0
github.com/tupyy/tinyedge-controller/internal/services/manifest/manifest_rw_moq.go:275.163,276.34 1 1
github.com/tupyy/tinyedge-controller/internal/services/manifest/manifest_rw_moq.go:279.2,291.51 5 1
github.com/tupyy/tinyedge-controller/internal/services/manifest/manifest_rw_moq.go:276.34,277.122 1 0
github.com/tupyy/tinyedge-controller/internal/services/manifest/manifest_rw_moq.go:301.3,311.2 5 0
github.com/tupyy/tinyedge-controller/internal/services/manifest/manifest_rw_moq.go:314.107,315.36 1 1
github.com/tupyy/tinyedge-controller/internal/services/manifest/manifest_rw_moq.go:318.2,328.47 5 1
github.com/tupyy/tinyedge-controller/internal/services/manifest/manifest_rw_moq.go:315.36,316.126 1 0
github.com/tupyy/tinyedge-controller/internal/services/manifest/manifest_rw_moq.go:337.3,346.2 5 0
github.com/tupyy/tinyedge-controller/internal/services/manifest/manifest_rw_moq.go:349.107,350.36 1 1
github.com/tupyy/tinyedge-controller/internal/services/manifest/manifest_rw_moq.go:353.2,363.47 5 1
github.com/tupyy/tinyedge-controller/internal/services/manifest/manifest_rw_moq.go:350.36,351.126 1 0
github.com/tupyy/tinyedge-controller/internal/services/manifest/manifest_rw_moq.go:372.3,381.2 5 0
